<?xml version="1.0" encoding="UTF-8"?>
<!-- Generated by org.testng.reporters.JUnitReportReporter -->
<testsuite skipped="0" hostname="ip-172-31-29-2" name="com.maven.test.MaventTest" tests="1" failures="0" timestamp="2020-07-26T15:07:08 UTC" time="0.011" errors="0">
  <testcase name="firstTest" time="0.011" classname="com.maven.test.MaventTest"/>
  <system-out/>
</testsuite> <!-- com.maven.test.MaventTest -->
