<?xml version="1.0" encoding="UTF-8"?>
<!-- Generated by org.testng.reporters.JUnitReportReporter -->
<testsuite skipped="0" hostname="ip-172-31-29-2" name="com.maven.test.MaventTest" tests="1" failures="0" timestamp="2020-08-01T11:32:54 UTC" time="3.237" errors="0">
  <testcase name="firstTest" time="3.237" classname="com.maven.test.MaventTest"/>
  <system-out/>
</testsuite> <!-- com.maven.test.MaventTest -->
